<?xml version="1.0" encoding="UTF-8" ?>
<testsuites>
  <testsuite errors="0" failures="1" hostname="anton-stanev" id="0" name="SimpleDDT" package="" skipped="0" tests="5" time="40.947" timestamp="2014-08-01T07:45:40">
      <properties>
[...]
</properties>

      <testcase classname="SimpleDDT" name="testBMICalculator[0]" time="2.185" />

      <testcase classname="SimpleDDT" name="testBMICalculator[1]" time="0.795" />

      <testcase classname="SimpleDDT" name="testBMICalculator[2]" time="0.793" />

      <testcase classname="SimpleDDT" name="testBMICalculator[3]" time="0.847" />

      <testcase classname="SimpleDDT" name="testBMICalculator[4]" time="0.721" />

      <testcase classname="junit.framework.TestSuite" name="SimpleDDT" time="0.0">
          <failure message="org.junit.ComparisonFailure: expected:&lt;[33.5]&gt; but was:&lt;[22.6]&gt;" type="junit.framework.AssertionFailedError">junit.framework.AssertionFailedError: org.junit.ComparisonFailure: expected:&lt;[33.5]&gt; but was:&lt;[22.6]&gt;
	at SimpleDDT.tearDown(SimpleDDT.java:93)
</failure>

      </testcase>

      <system-out><![CDATA[]]></system-out>

      <system-err><![CDATA[Assertion Fail org.junit.ComparisonFailure: expected:<[33.5]> but was:<[22.6]>
]]></system-err>

  </testsuite>
</testsuites>
