<?xml version="1.0" encoding="UTF-8"?>
<testng-results skipped="0" failed="0" total="5" passed="5">
  <reporter-output>
  </reporter-output>
  <suite name="Default suite" duration-ms="31817" started-at="2014-08-01T07:53:34Z" finished-at="2014-08-01T07:54:06Z">
    <groups>
    </groups>
    <test name="Default test" duration-ms="31817" started-at="2014-08-01T07:53:34Z" finished-at="2014-08-01T07:54:06Z">
      <class name="TestNGDDT">
        <test-method status="PASS" signature="setUp()[pri:0, instance:TestNGDDT@130015a]" name="setUp" is-config="true" duration-ms="25362" started-at="2014-08-01T10:53:34Z" finished-at="2014-08-01T10:53:59Z">
          <reporter-output>
          </reporter-output>
        </test-method> <!-- setUp -->
        <test-method status="PASS" signature="testBMICalculator(java.lang.String, java.lang.String, java.lang.String, java.lang.String)[pri:0, instance:TestNGDDT@130015a]" name="testBMICalculator" duration-ms="2064" started-at="2014-08-01T10:54:00Z" data-provider="testData" finished-at="2014-08-01T10:54:02Z">
          <params>
            <param index="0">
              <value>
                <![CDATA[160]]>
              </value>
            </param>
            <param index="1">
              <value>
                <![CDATA[45]]>
              </value>
            </param>
            <param index="2">
              <value>
                <![CDATA[17.6]]>
              </value>
            </param>
            <param index="3">
              <value>
                <![CDATA[Underweight]]>
              </value>
            </param>
          </params>
          <reporter-output>
          </reporter-output>
        </test-method> <!-- testBMICalculator -->
        <test-method status="PASS" signature="testBMICalculator(java.lang.String, java.lang.String, java.lang.String, java.lang.String)[pri:0, instance:TestNGDDT@130015a]" name="testBMICalculator" duration-ms="1321" started-at="2014-08-01T10:54:02Z" data-provider="testData" finished-at="2014-08-01T10:54:03Z">
          <params>
            <param index="0">
              <value>
                <![CDATA[168]]>
              </value>
            </param>
            <param index="1">
              <value>
                <![CDATA[70]]>
              </value>
            </param>
            <param index="2">
              <value>
                <![CDATA[24.8]]>
              </value>
            </param>
            <param index="3">
              <value>
                <![CDATA[Normal]]>
              </value>
            </param>
          </params>
          <reporter-output>
          </reporter-output>
        </test-method> <!-- testBMICalculator -->
        <test-method status="PASS" signature="testBMICalculator(java.lang.String, java.lang.String, java.lang.String, java.lang.String)[pri:0, instance:TestNGDDT@130015a]" name="testBMICalculator" duration-ms="792" started-at="2014-08-01T10:54:03Z" data-provider="testData" finished-at="2014-08-01T10:54:04Z">
          <params>
            <param index="0">
              <value>
                <![CDATA[181]]>
              </value>
            </param>
            <param index="1">
              <value>
                <![CDATA[89]]>
              </value>
            </param>
            <param index="2">
              <value>
                <![CDATA[27.2]]>
              </value>
            </param>
            <param index="3">
              <value>
                <![CDATA[Overweight]]>
              </value>
            </param>
          </params>
          <reporter-output>
          </reporter-output>
        </test-method> <!-- testBMICalculator -->
        <test-method status="PASS" signature="testBMICalculator(java.lang.String, java.lang.String, java.lang.String, java.lang.String)[pri:0, instance:TestNGDDT@130015a]" name="testBMICalculator" duration-ms="819" started-at="2014-08-01T10:54:04Z" data-provider="testData" finished-at="2014-08-01T10:54:05Z">
          <params>
            <param index="0">
              <value>
                <![CDATA[178]]>
              </value>
            </param>
            <param index="1">
              <value>
                <![CDATA[100]]>
              </value>
            </param>
            <param index="2">
              <value>
                <![CDATA[31.6]]>
              </value>
            </param>
            <param index="3">
              <value>
                <![CDATA[Obesity]]>
              </value>
            </param>
          </params>
          <reporter-output>
          </reporter-output>
        </test-method> <!-- testBMICalculator -->
        <test-method status="PASS" signature="testBMICalculator(java.lang.String, java.lang.String, java.lang.String, java.lang.String)[pri:0, instance:TestNGDDT@130015a]" name="testBMICalculator" duration-ms="853" started-at="2014-08-01T10:54:05Z" data-provider="testData" finished-at="2014-08-01T10:54:05Z">
          <params>
            <param index="0">
              <value>
                <![CDATA[178]]>
              </value>
            </param>
            <param index="1">
              <value>
                <![CDATA[100]]>
              </value>
            </param>
            <param index="2">
              <value>
                <![CDATA[31.6]]>
              </value>
            </param>
            <param index="3">
              <value>
                <![CDATA[Obesityyyyyyyyyyyyyy]]>
              </value>
            </param>
          </params>
          <reporter-output>
          </reporter-output>
        </test-method> <!-- testBMICalculator -->
        <test-method status="FAIL" signature="tearDown()[pri:0, instance:TestNGDDT@130015a]" name="tearDown" is-config="true" duration-ms="0" started-at="2014-08-01T10:54:05Z" finished-at="2014-08-01T10:54:05Z">
          <exception class="java.lang.AssertionError">
            <message>
              <![CDATA[java.lang.AssertionError: expected [Obesityyyyyyyyyyyyyy] but found [Obesity]]]>
            </message>
            <full-stacktrace>
              <![CDATA[java.lang.AssertionError: java.lang.AssertionError: expected [Obesityyyyyyyyyyyyyy] but found [Obesity]
	at org.testng.Assert.fail(Assert.java:94)
	at TestNGDDT.tearDown(TestNGDDT.java:68)
	at sun.reflect.NativeMethodAccessorImpl.invoke0(Native Method)
	at sun.reflect.NativeMethodAccessorImpl.invoke(Unknown Source)
	at sun.reflect.DelegatingMethodAccessorImpl.invoke(Unknown Source)
	at java.lang.reflect.Method.invoke(Unknown Source)
	at org.testng.internal.MethodInvocationHelper.invokeMethod(MethodInvocationHelper.java:84)
	at org.testng.internal.Invoker.invokeConfigurationMethod(Invoker.java:564)
	at org.testng.internal.Invoker.invokeConfigurations(Invoker.java:213)
	at org.testng.internal.Invoker.invokeConfigurations(Invoker.java:138)
	at org.testng.TestRunner.afterRun(TestRunner.java:1014)
	at org.testng.TestRunner.run(TestRunner.java:621)
	at org.testng.SuiteRunner.runTest(SuiteRunner.java:334)
	at org.testng.SuiteRunner.runSequentially(SuiteRunner.java:329)
	at org.testng.SuiteRunner.privateRun(SuiteRunner.java:291)
	at org.testng.SuiteRunner.run(SuiteRunner.java:240)
	at org.testng.SuiteRunnerWorker.runSuite(SuiteRunnerWorker.java:52)
	at org.testng.SuiteRunnerWorker.run(SuiteRunnerWorker.java:86)
	at org.testng.TestNG.runSuitesSequentially(TestNG.java:1224)
	at org.testng.TestNG.runSuitesLocally(TestNG.java:1149)
	at org.testng.TestNG.run(TestNG.java:1057)
	at org.testng.remote.RemoteTestNG.run(RemoteTestNG.java:111)
	at org.testng.remote.RemoteTestNG.initAndRun(RemoteTestNG.java:204)
	at org.testng.remote.RemoteTestNG.main(RemoteTestNG.java:175)
]]>
            </full-stacktrace>
          </exception> <!-- java.lang.AssertionError -->
          <reporter-output>
          </reporter-output>
        </test-method> <!-- tearDown -->
      </class> <!-- TestNGDDT -->
    </test> <!-- Default test -->
  </suite> <!-- Default suite -->
</testng-results>
